TOP.6985bdc6.0002365c	START
TOP.6985bdc6.0002365c	folder_config->cwd	/home/mustafa/CYSTECH/misc/chall3
TOP.6985bdc6.0002365c	folder_config->install_dir	/usr/bin
TOP.6985bdc6.0002365c	folder_config->profile_dir	/home/mustafa/CYSTECH/misc/chall3/hashcat
TOP.6985bdc6.0002365c	folder_config->session_dir	/home/mustafa/CYSTECH/misc/chall3/hashcat/sessions
TOP.6985bdc6.0002365c	folder_config->shared_dir	/usr/share/hashcat
TOP.6985bdc6.0002365c	user_options->encoding_from	utf-8
TOP.6985bdc6.0002365c	user_options->encoding_to	utf-8
TOP.6985bdc6.0002365c	user_options->potfile_path	.hashcat.pot
TOP.6985bdc6.0002365c	user_options->rule_buf_l	:
TOP.6985bdc6.0002365c	user_options->rule_buf_r	:
TOP.6985bdc6.0002365c	user_options->session	show
TOP.6985bdc6.0002365c	user_options->separator	:
TOP.6985bdc6.0002365c	user_options->limit	0
TOP.6985bdc6.0002365c	user_options->skip	0
TOP.6985bdc6.0002365c	user_options->attack_mode	100
TOP.6985bdc6.0002365c	user_options->backend_devices_virtmulti	1
TOP.6985bdc6.0002365c	user_options->backend_devices_virthost	1
TOP.6985bdc6.0002365c	user_options->backend_devices_keepfree	0
TOP.6985bdc6.0002365c	user_options->benchmark	0
TOP.6985bdc6.0002365c	user_options->benchmark_all	0
TOP.6985bdc6.0002365c	user_options->benchmark_max	99999
TOP.6985bdc6.0002365c	user_options->benchmark_min	0
TOP.6985bdc6.0002365c	user_options->bitmap_max	18
TOP.6985bdc6.0002365c	user_options->bitmap_min	16
TOP.6985bdc6.0002365c	user_options->debug_mode	0
TOP.6985bdc6.0002365c	user_options->dynamic_x	0
TOP.6985bdc6.0002365c	user_options->hash_info	0
TOP.6985bdc6.0002365c	user_options->force	0
TOP.6985bdc6.0002365c	user_options->hwmon	1
TOP.6985bdc6.0002365c	user_options->hwmon_temp_abort	90
TOP.6985bdc6.0002365c	user_options->hash_mode	13000
TOP.6985bdc6.0002365c	user_options->hex_charset	0
TOP.6985bdc6.0002365c	user_options->hex_salt	0
TOP.6985bdc6.0002365c	user_options->hex_wordlist	0
TOP.6985bdc6.0002365c	user_options->hook_threads	0
TOP.6985bdc6.0002365c	user_options->identify	0
TOP.6985bdc6.0002365c	user_options->increment	0
TOP.6985bdc6.0002365c	user_options->increment_max	256
TOP.6985bdc6.0002365c	user_options->increment_min	1
TOP.6985bdc6.0002365c	user_options->keep_guessing	0
TOP.6985bdc6.0002365c	user_options->kernel_accel	0
TOP.6985bdc6.0002365c	user_options->kernel_loops	0
TOP.6985bdc6.0002365c	user_options->kernel_threads	0
TOP.6985bdc6.0002365c	user_options->keyspace	0
TOP.6985bdc6.0002365c	user_options->total_candidates	0
TOP.6985bdc6.0002365c	user_options->left	0
TOP.6985bdc6.0002365c	user_options->logfile	1
TOP.6985bdc6.0002365c	user_options->loopback	0
TOP.6985bdc6.0002365c	user_options->machine_readable	0
TOP.6985bdc6.0002365c	user_options->markov_classic	0
TOP.6985bdc6.0002365c	user_options->markov	1
TOP.6985bdc6.0002365c	user_options->markov_inverse	0
TOP.6985bdc6.0002365c	user_options->markov_threshold	256
TOP.6985bdc6.0002365c	user_options->metal_compiler_runtime	120
TOP.6985bdc6.0002365c	user_options->multiply_accel	1
TOP.6985bdc6.0002365c	user_options->backend_info	0
TOP.6985bdc6.0002365c	user_options->backend_vector_width	0
TOP.6985bdc6.0002365c	user_options->optimized_kernel	0
TOP.6985bdc6.0002365c	user_options->outfile_autohex	1
TOP.6985bdc6.0002365c	user_options->outfile_check_timer	5
TOP.6985bdc6.0002365c	user_options->outfile_format	3
TOP.6985bdc6.0002365c	user_options->outfile_json	0
TOP.6985bdc6.0002365c	user_options->wordlist_autohex	1
TOP.6985bdc6.0002365c	user_options->potfile	1
TOP.6985bdc6.0002365c	user_options->progress_only	0
TOP.6985bdc6.0002365c	user_options->quiet	1
TOP.6985bdc6.0002365c	user_options->remove	0
TOP.6985bdc6.0002365c	user_options->remove_timer	60
TOP.6985bdc6.0002365c	user_options->restore	0
TOP.6985bdc6.0002365c	user_options->restore_enable	0
TOP.6985bdc6.0002365c	user_options->restore_timer	1
TOP.6985bdc6.0002365c	user_options->rp_files_cnt	0
TOP.6985bdc6.0002365c	user_options->rp_gen	0
TOP.6985bdc6.0002365c	user_options->rp_gen_func_max	4
TOP.6985bdc6.0002365c	user_options->rp_gen_func_min	1
TOP.6985bdc6.0002365c	user_options->rp_gen_seed	0
TOP.6985bdc6.0002365c	user_options->runtime	0
TOP.6985bdc6.0002365c	user_options->scrypt_tmto	0
TOP.6985bdc6.0002365c	user_options->segment_size	33554432
TOP.6985bdc6.0002365c	user_options->self_test	1
TOP.6985bdc6.0002365c	user_options->slow_candidates	0
TOP.6985bdc6.0002365c	user_options->show	1
TOP.6985bdc6.0002365c	user_options->speed_only	0
TOP.6985bdc6.0002365c	user_options->spin_damp	0
TOP.6985bdc6.0002365c	user_options->status	0
TOP.6985bdc6.0002365c	user_options->status_json	0
TOP.6985bdc6.0002365c	user_options->status_timer	10
TOP.6985bdc6.0002365c	user_options->stdout_flag	0
TOP.6985bdc6.0002365c	user_options->usage	0
TOP.6985bdc6.0002365c	user_options->username	0
TOP.6985bdc6.0002365c	user_options->veracrypt_pim_start	485
TOP.6985bdc6.0002365c	user_options->veracrypt_pim_stop	485
TOP.6985bdc6.0002365c	user_options->version	0
TOP.6985bdc6.0002365c	user_options->workload_profile	2
TOP.6985bdc6.0002365c	user_options->brain_client	0
TOP.6985bdc6.0002365c	user_options->brain_client_features	2
TOP.6985bdc6.0002365c	user_options->brain_server	0
TOP.6985bdc6.0002365c	user_options->brain_server_timer	300
TOP.6985bdc6.0002365c	user_options->brain_port	6863
TOP.6985bdc6.0002365c	user_options->brain_session	0
TOP.6985bdc6.0002365c	proc_start	1770372550
TOP.6985bdc6.0002365c	proc_stop	1770372550
TOP.6985bdc6.0002365c	STOP
TOP.6985be8f.0000e875	START
TOP.6985be8f.0000e875	folder_config->cwd	/home/mustafa/CYSTECH/misc/chall3
TOP.6985be8f.0000e875	folder_config->install_dir	/usr/bin
TOP.6985be8f.0000e875	folder_config->profile_dir	/home/mustafa/CYSTECH/misc/chall3/hashcat
TOP.6985be8f.0000e875	folder_config->session_dir	/home/mustafa/CYSTECH/misc/chall3/hashcat/sessions
TOP.6985be8f.0000e875	folder_config->shared_dir	/usr/share/hashcat
TOP.6985be8f.0000e875	user_options->encoding_from	utf-8
TOP.6985be8f.0000e875	user_options->encoding_to	utf-8
TOP.6985be8f.0000e875	user_options->potfile_path	.hashcat.pot
TOP.6985be8f.0000e875	user_options->rule_buf_l	:
TOP.6985be8f.0000e875	user_options->rule_buf_r	:
TOP.6985be8f.0000e875	user_options->session	show
TOP.6985be8f.0000e875	user_options->separator	:
TOP.6985be8f.0000e875	user_options->limit	0
TOP.6985be8f.0000e875	user_options->skip	0
TOP.6985be8f.0000e875	user_options->attack_mode	100
TOP.6985be8f.0000e875	user_options->backend_devices_virtmulti	1
TOP.6985be8f.0000e875	user_options->backend_devices_virthost	1
TOP.6985be8f.0000e875	user_options->backend_devices_keepfree	0
TOP.6985be8f.0000e875	user_options->benchmark	0
TOP.6985be8f.0000e875	user_options->benchmark_all	0
TOP.6985be8f.0000e875	user_options->benchmark_max	99999
TOP.6985be8f.0000e875	user_options->benchmark_min	0
TOP.6985be8f.0000e875	user_options->bitmap_max	18
TOP.6985be8f.0000e875	user_options->bitmap_min	16
TOP.6985be8f.0000e875	user_options->debug_mode	0
TOP.6985be8f.0000e875	user_options->dynamic_x	0
TOP.6985be8f.0000e875	user_options->hash_info	0
TOP.6985be8f.0000e875	user_options->force	0
TOP.6985be8f.0000e875	user_options->hwmon	1
TOP.6985be8f.0000e875	user_options->hwmon_temp_abort	90
TOP.6985be8f.0000e875	user_options->hash_mode	13000
TOP.6985be8f.0000e875	user_options->hex_charset	0
TOP.6985be8f.0000e875	user_options->hex_salt	0
TOP.6985be8f.0000e875	user_options->hex_wordlist	0
TOP.6985be8f.0000e875	user_options->hook_threads	0
TOP.6985be8f.0000e875	user_options->identify	0
TOP.6985be8f.0000e875	user_options->increment	0
TOP.6985be8f.0000e875	user_options->increment_max	256
TOP.6985be8f.0000e875	user_options->increment_min	1
TOP.6985be8f.0000e875	user_options->keep_guessing	0
TOP.6985be8f.0000e875	user_options->kernel_accel	0
TOP.6985be8f.0000e875	user_options->kernel_loops	0
TOP.6985be8f.0000e875	user_options->kernel_threads	0
TOP.6985be8f.0000e875	user_options->keyspace	0
TOP.6985be8f.0000e875	user_options->total_candidates	0
TOP.6985be8f.0000e875	user_options->left	0
TOP.6985be8f.0000e875	user_options->logfile	1
TOP.6985be8f.0000e875	user_options->loopback	0
TOP.6985be8f.0000e875	user_options->machine_readable	0
TOP.6985be8f.0000e875	user_options->markov_classic	0
TOP.6985be8f.0000e875	user_options->markov	1
TOP.6985be8f.0000e875	user_options->markov_inverse	0
TOP.6985be8f.0000e875	user_options->markov_threshold	256
TOP.6985be8f.0000e875	user_options->metal_compiler_runtime	120
TOP.6985be8f.0000e875	user_options->multiply_accel	1
TOP.6985be8f.0000e875	user_options->backend_info	0
TOP.6985be8f.0000e875	user_options->backend_vector_width	0
TOP.6985be8f.0000e875	user_options->optimized_kernel	0
TOP.6985be8f.0000e875	user_options->outfile_autohex	1
TOP.6985be8f.0000e875	user_options->outfile_check_timer	5
TOP.6985be8f.0000e875	user_options->outfile_format	3
TOP.6985be8f.0000e875	user_options->outfile_json	0
TOP.6985be8f.0000e875	user_options->wordlist_autohex	1
TOP.6985be8f.0000e875	user_options->potfile	1
TOP.6985be8f.0000e875	user_options->progress_only	0
TOP.6985be8f.0000e875	user_options->quiet	1
TOP.6985be8f.0000e875	user_options->remove	0
TOP.6985be8f.0000e875	user_options->remove_timer	60
TOP.6985be8f.0000e875	user_options->restore	0
TOP.6985be8f.0000e875	user_options->restore_enable	0
TOP.6985be8f.0000e875	user_options->restore_timer	1
TOP.6985be8f.0000e875	user_options->rp_files_cnt	0
TOP.6985be8f.0000e875	user_options->rp_gen	0
TOP.6985be8f.0000e875	user_options->rp_gen_func_max	4
TOP.6985be8f.0000e875	user_options->rp_gen_func_min	1
TOP.6985be8f.0000e875	user_options->rp_gen_seed	0
TOP.6985be8f.0000e875	user_options->runtime	0
TOP.6985be8f.0000e875	user_options->scrypt_tmto	0
TOP.6985be8f.0000e875	user_options->segment_size	33554432
TOP.6985be8f.0000e875	user_options->self_test	1
TOP.6985be8f.0000e875	user_options->slow_candidates	0
TOP.6985be8f.0000e875	user_options->show	1
TOP.6985be8f.0000e875	user_options->speed_only	0
TOP.6985be8f.0000e875	user_options->spin_damp	0
TOP.6985be8f.0000e875	user_options->status	0
TOP.6985be8f.0000e875	user_options->status_json	0
TOP.6985be8f.0000e875	user_options->status_timer	10
TOP.6985be8f.0000e875	user_options->stdout_flag	0
TOP.6985be8f.0000e875	user_options->usage	0
TOP.6985be8f.0000e875	user_options->username	0
TOP.6985be8f.0000e875	user_options->veracrypt_pim_start	485
TOP.6985be8f.0000e875	user_options->veracrypt_pim_stop	485
TOP.6985be8f.0000e875	user_options->version	0
TOP.6985be8f.0000e875	user_options->workload_profile	2
TOP.6985be8f.0000e875	user_options->brain_client	0
TOP.6985be8f.0000e875	user_options->brain_client_features	2
TOP.6985be8f.0000e875	user_options->brain_server	0
TOP.6985be8f.0000e875	user_options->brain_server_timer	300
TOP.6985be8f.0000e875	user_options->brain_port	6863
TOP.6985be8f.0000e875	user_options->brain_session	0
TOP.6985be8f.0000e875	proc_start	1770372751
TOP.6985be8f.0000e875	proc_stop	1770372751
TOP.6985be8f.0000e875	STOP
